<?xml version="1.0" encoding="utf-8"?><testsuites name="pytest tests"><testsuite name="pytest" errors="0" failures="0" skipped="0" tests="15" time="1.787" timestamp="2026-01-23T14:36:14.408165+00:00" hostname="agent-env-1eb03bfd-d390-47d7-8b28-f9e050881a8e"><testcase classname="backend.tests.test_karion_api.TestHealthAndRoot" name="test_api_root" time="0.079" /><testcase classname="backend.tests.test_karion_api.TestAuthentication" name="test_login_success" time="0.266" /><testcase classname="backend.tests.test_karion_api.TestAuthentication" name="test_login_invalid_credentials" time="0.038" /><testcase classname="backend.tests.test_karion_api.TestMultiSourceAnalysis" name="test_multi_source_endpoint" time="0.048" /><testcase classname="backend.tests.test_karion_api.TestMultiSourceAnalysis" name="test_vix_data_in_multi_source" time="0.044" /><testcase classname="backend.tests.test_karion_api.TestCOTData" name="test_cot_data_endpoint" time="0.048" /><testcase classname="backend.tests.test_karion_api.TestCOTData" name="test_cot_categories_structure" time="0.039" /><testcase classname="backend.tests.test_karion_api.TestCOTData" name="test_cot_single_symbol" time="0.035" /><testcase classname="backend.tests.test_karion_api.TestVIXEndpoint" name="test_vix_endpoint" time="0.044" /><testcase classname="backend.tests.test_karion_api.TestMarketPrices" name="test_market_prices_endpoint" time="0.045" /><testcase classname="backend.tests.test_karion_api.TestRiskAnalysis" name="test_risk_analysis_endpoint" time="0.036" /><testcase classname="backend.tests.test_karion_api.TestPhilosophyQuote" name="test_philosophy_quote" time="0.047" /><testcase classname="backend.tests.test_karion_api.TestAuthenticatedEndpoints" name="test_get_me" time="0.306" /><testcase classname="backend.tests.test_karion_api.TestAuthenticatedEndpoints" name="test_psychology_stats" time="0.308" /><testcase classname="backend.tests.test_karion_api.TestAuthenticatedEndpoints" name="test_ascension_status" time="0.335" /></testsuite></testsuites>